                          
 !"#$%&'()*+,-./0123456789:;<
 !"#$%&'()*+,-./0123456789:;<=>?@ABCDEFGHIJKLMNOPQRSTUVWXYZ[\]^_`ABCDEFGHIJKLMNOPQRSTUVWXYZ{|}~
 !"#$%&'()*+,-./0123456789:;<=>?@ABCDEFGHIJKLMNOPQRSTUVWXYZ[\]^_`abcdefghijklmnopqrstuvwxyz{|}~
 !"#$%&'()*+,-./0123456789:;<=>?@abcdefghijklmnopqrstuvwxyz[\]^_`abcdefghijklmnopqrstuvwxyz{|}~
 (%d = %3.1f%%)
 (flags = 0x%x)
 ... (message truncated)\n
 000000000000
 Base Class Array'
 Base Class Descriptor at (
 C>TQ
 Class Hierarchy Descriptor'
 Complete Object Locator'
 Type Descriptor'
 URL. For example, first load Tests > Other Tests.
 \t \n ( ) / _ 
 and feature level 0x
 bootstrap; 
 command-line switch is ignored on app relaunch.
 delete
 delete[]
 for JPG@
 for PNG@
 from path 
 new
 preferences; 
 recorded 
 rendering (not a warning)
 samples
 style; 
 with disposition 
" downloaded successfully.
" saved successfully.
"e?<<<<<<l?
$Ib?s
%.0Lf
%016llx
%016llx%016llx
%08lx
%H:%M:%S%m/%d/%y%Y-%m-%d%I:%M:%S %p%H:%M%H:%M:%S
%I:%M:%S %p
%a %b %d %H:%M:%S %Y
%llu
%llx
%s (errno: %d, %s)
&?PPPPPPP?
&File
&Sgw
&Show DevTools
&Tests
&nbsp;
' is required
' must have type boolean
' must have type function
' must have type string or ArrayBuffer
'bQvE
(@V8NullCreate
(empty)
(null)
(p[%d], '%ls')
)yIx
*StO9>T
*\windows_shell_global_counters
*p[[[[[[[[[[[[[[[[
, mean = %.1f
, survival rate: 
, swept bytes: 
,HR>O
-----------------------
-BH>t
-hosted window; 
-inl
..\..\base\allocator\partition_allocator\src\partition_alloc\starscan\stats_collector.cc
..\..\base\check.cc
..\..\base\metrics\persistent_memory_allocator.cc
..\..\base\metrics\persistent_sample_map.cc
..\..\base\metrics\statistics_recorder.cc
..\..\base\synchronization\waitable_event.cc
..\..\base\synchronization\waitable_event_win.cc
..\..\base\task\thread_pool\sequence.cc
..\..\base\threading\scoped_blocking_call_internal.cc
..\..\base\win\object_watcher.cc
..\..\base\win\win_util.cc
..\..\cef\include\base\cef_ref_counted.h
..\..\cef\include\base\cef_weak_ptr.h
..\..\cef\include\base\internal\cef_bind_internal.h
..\..\cef\libcef_dll\wrapper\cef_message_router_utils.cc
..\..\cef\tests\cefclient\browser\client_browser.cc
..\..\cef\tests\cefclient\browser\client_handler.cc
..\..\cef\tests\cefclient\browser\hang_test.cc
..\..\cef\tests\cefclient\browser\image_cache.cc
..\..\cef\tests\cefclient\browser\main_context_impl.cc
..\..\cef\tests\cefclient\browser\main_message_loop_multithreaded_win.cc
..\..\cef\tests\cefclient\browser\osr_render_handler_win.cc
..\..\cef\tests\cefclient\browser\osr_window_win.cc
..\..\cef\tests\cefclient\browser\root_window_manager.cc
..\..\cef\tests\cefclient\browser\root_window_win.cc
..\..\cef\tests\cefclient\browser\temp_window_win.cc
..\..\cef\tests\cefclient\browser\test_runner.cc
..\..\cef\tests\cefclient\browser\views_window.cc
..\..\cef\tests\cefclient\browser\window_test_runner.cc
..\..\sandbox\win\src\process_mitigations.cc
..\..\sandbox\win\src\sandbox_policy_base.cc
..\..\third_party\abseil-cpp\absl\types\bad_variant_access.cc
..\..\third_party\boringssl\src\crypto\mem.c
..\..\third_party\libc++\src\include\__algorithm\sort.h:333: assertion __k != __leftmost failed: Would read out of bounds, does your comparator satisfy the strict-weak ordering requirement?\n
..\..\third_party\libc++\src\include\__algorithm\sort.h:643: assertion __first != __end failed: Would read out of bounds, does your comparator satisfy the strict-weak ordering requirement?\n
..\..\third_party\libc++\src\include\__algorithm\sort.h:655: assertion __last != __begin failed: Would read out of bounds, does your comparator satisfy the strict-weak ordering requirement?\n
..\..\third_party\libc++\src\include\__algorithm\sort.h:673: assertion __first != __end failed: Would read out of bounds, does your comparator satisfy the strict-weak ordering requirement?\n
..\..\third_party\libc++\src\include\__algorithm\sort.h:678: assertion __last != __begin failed: Would read out of bounds, does your comparator satisfy the strict-weak ordering requirement?\n
..\..\third_party\libc++\src\include\__algorithm\sort.h:710: assertion __first != __end failed: Would read out of bounds, does your comparator satisfy the strict-weak ordering requirement?\n
..\..\third_party\libc++\src\include\__algorithm\sort.h:723: assertion __last != __begin failed: Would read out of bounds, does your comparator satisfy the strict-weak ordering requirement?\n
..\..\third_party\libc++\src\include\__algorithm\sort.h:733: assertion __first != __end failed: Would read out of bounds, does your comparator satisfy the strict-weak ordering requirement?\n
..\..\third_party\libc++\src\include\__algorithm\sort.h:738: assertion __last != __begin failed: Would read out of bounds, does your comparator satisfy the strict-weak ordering requirement?\n
..\..\third_party\libc++\src\include\__hash_table:1830: assertion __p != end() failed: unordered container::erase(iterator) called with a non-dereferenceable iterator\n
..\..\third_party\libc++\src\include\__hash_table:292: assertion __node_ != nullptr failed: Attempted to dereference a non-dereferenceable unordered container iterator\n
..\..\third_party\libc++\src\include\__hash_table:355: assertion __node_ != nullptr failed: Attempted to dereference a non-dereferenceable unordered container const_iterator\n
..\..\third_party\libc++\src\include\__hash_table:366: assertion __node_ != nullptr failed: Attempted to increment a non-incrementable unordered container const_iterator\n
..\..\third_party\libc++\src\include\__iterator\advance.h:70: assertion __n >= 0 || __has_bidirectional_iterator_category<_InputIter>::value failed: Attempt to advance(it, n) with negative n on a non-bidirectional iterator\n
..\..\third_party\libc++\src\include\__iterator\next.h:33: assertion __n >= 0 || __has_bidirectional_iterator_category<_InputIter>::value failed: Attempt to next(it, n) with negative n on a non-bidirectional iterator\n
..\..\third_party\libc++\src\include\__memory\assume_aligned.h:34: assertion reinterpret_cast<uintptr_t>(__ptr) % _Np == 0 failed: Alignment assumption is violated\n
..\..\third_party\libc++\src\include\__memory\construct_at.h:40: assertion __location != nullptr failed: null pointer given to construct_at\n
..\..\third_party\libc++\src\include\__memory\construct_at.h:66: assertion __loc != nullptr failed: null pointer given to destroy_at\n
..\..\third_party\libc++\src\include\__string\char_traits.h:145: assertion !std::__is_pointer_in_range(__s1, __s1 + __n, __s2) failed: char_traits::copy: source and destination ranges overlap\n
..\..\third_party\libc++\src\include\__string\char_traits.h:222: assertion !std::__is_pointer_in_range(__s1, __s1 + __n, __s2) failed: char_traits::copy: source and destination ranges overlap\n
..\..\third_party\libc++\src\include\__string\char_traits.h:367: assertion !std::__is_pointer_in_range(__s1, __s1 + __n, __s2) failed: char_traits::copy: source and destination ranges overlap\n
..\..\third_party\libc++\src\include\array:239: assertion __n < _Size failed: out-of-bounds access in std::array<T, N>\n
..\..\third_party\libc++\src\include\deque:2262: assertion !empty() failed: deque::pop_front called on an empty deque\n
..\..\third_party\libc++\src\include\list:1343: assertion __p != end() failed: list::erase(iterator) called with a non-dereferenceable iterator\n
..\..\third_party\libc++\src\include\optional:785: assertion this->has_value() failed: optional operator-> called on a disengaged value\n
..\..\third_party\libc++\src\include\optional:790: assertion this->has_value() failed: optional operator-> called on a disengaged value\n
..\..\third_party\libc++\src\include\optional:795: assertion this->has_value() failed: optional operator* called on a disengaged value\n
..\..\third_party\libc++\src\include\optional:800: assertion this->has_value() failed: optional operator* called on a disengaged value\n
..\..\third_party\libc++\src\include\optional:805: assertion this->has_value() failed: optional operator* called on a disengaged value\n
..\..\third_party\libc++\src\include\string:1241: assertion __pos <= size() failed: string index out of bounds\n
..\..\third_party\libc++\src\include\string:1249: assertion __pos <= size() failed: string index out of bounds\n
..\..\third_party\libc++\src\include\string:1359: assertion !empty() failed: string::back(): string is empty\n
..\..\third_party\libc++\src\include\string:2502: assertion __n == 0 || __s != nullptr failed: string::assign received nullptr\n
..\..\third_party\libc++\src\include\string:2719: assertion __s != nullptr failed: string::assign received nullptr\n
..\..\third_party\libc++\src\include\string:2730: assertion __n == 0 || __s != nullptr failed: string::append received nullptr\n
..\..\third_party\libc++\src\include\string:2871: assertion __n == 0 || __s != nullptr failed: string::insert received nullptr\n
..\..\third_party\libc++\src\include\string:3018: assertion __n2 == 0 || __s != nullptr failed: string::replace received nullptr\n
..\..\third_party\libc++\src\include\string:3674: assertion __s != nullptr failed: string::compare(): received nullptr\n
..\..\third_party\libc++\src\include\string:973: assertion __s != nullptr failed: basic_string(const char*) detected nullptr\n
..\..\third_party\libc++\src\include\string:990: assertion __n == 0 || __s != nullptr failed: basic_string(const char*, n) detected nullptr\n
..\..\third_party\libc++\src\include\string_view:268: assertion __s != nullptr failed: null pointer passed to non-null argument of char_traits<...>::length\n
..\..\third_party\libc++\src\include\string_view:318: assertion __len <= static_cast<size_type>(numeric_limits<difference_type>::max()) failed: string_view::string_view(_CharT *, size_t): length does not fit in difference_type\n
..\..\third_party\libc++\src\include\string_view:320: assertion __len == 0 || __s != nullptr failed: string_view::string_view(_CharT *, size_t): received nullptr\n
..\..\third_party\libc++\src\include\string_view:330: assertion (__end - __begin) >= 0 failed: std::string_view::string_view(iterator, sentinel) received invalid range\n
..\..\third_party\libc++\src\include\string_view:422: assertion __n <= size() failed: remove_prefix() can't remove more than size()\n
..\..\third_party\libc++\src\include\string_view:428: assertion __n <= size() failed: remove_suffix() can't remove more than size()\n
..\..\third_party\libc++\src\include\string_view:584: assertion __s != nullptr failed: string_view::find_last_of(): received nullptr\n
..\..\third_party\libc++\src\include\vector:1411: assertion __n < size() failed: vector[] index out of bounds\n
..\..\third_party\libc++\src\include\vector:1418: assertion __n < size() failed: vector[] index out of bounds\n
..\..\third_party\libc++\src\include\vector:1539: assertion !empty() failed: vector::pop_back called on an empty vector\n
..\..\third_party\libc++\src\include\vector:1557: assertion __first <= __last failed: vector::erase(first, last) called with invalid range\n
..\..\third_party\libc++\src\include\vector:618: assertion !empty() failed: front() called on an empty vector\n
..\..\third_party\libc++\src\include\vector:622: assertion !empty() failed: back() called on an empty vector\n
..\..\third_party\libc++\src\src\mutex.cpp:40: assertion ec == 0 failed: call to mutex::unlock failed. A possible reason is that the mutex wasn't locked\n
..\..\third_party\perfetto\include\perfetto\tracing\track_event_category_registry.h
..\..\third_party\perfetto\include\perfetto\tracing\track_event_interned_data_index.h
..\..\third_party\perfetto\src\protozero\field.cc
..\..\third_party\perfetto\src\protozero\scattered_heap_buffer.cc
..\..\third_party\perfetto\src\tracing\core\null_trace_writer.cc
..\..\third_party\perfetto\src\tracing\core\shared_memory_abi.cc
..\..\third_party\perfetto\src\tracing\core\shared_memory_arbiter_impl.cc
..\..\third_party\perfetto\src\tracing\core\trace_writer_impl.cc
..\..\third_party\perfetto\src\tracing\internal\tracing_muxer_fake.cc
.1x.png
.2x.png
.>\rfJBGo
.?AU?$__num_get@D@__Cr@std@@
.?AU?$__num_get@_W@__Cr@std@@
.?AU?$__num_put@D@__Cr@std@@
.?AU?$__num_put@_W@__Cr@std@@
.?AU__num_get_base@__Cr@std@@
.?AU__num_put_base@__Cr@std@@
.?AV<lambda_0>@?0??compile_shader@Device@d3d11@client@@AEAA?AV?$shared_ptr@UID3D10Blob@@@__Cr@std@@AEBV?$basic_string@DU?$char_traits@D@__Cr@std@@V?$allocator@D@23@@67@00@Z@
.?AV<lambda_1>@?0???$to_com_ptr@UID3D11BlendState@@@?A0x584683F5@d3d11@client@@YA?AV?$shared_ptr@UID3D11BlendState@@@__Cr@std@@PEAUID3D11BlendState@@@Z@
.?AV<lambda_1>@?0???$to_com_ptr@UID3D11Buffer@@@?A0x584683F5@d3d11@client@@YA?AV?$shared_ptr@UID3D11Buffer@@@__Cr@std@@PEAUID3D11Buffer@@@Z@
.?AV<lambda_1>@?0???$to_com_ptr@UID3D11Device@@@?A0x584683F5@d3d11@client@@YA?AV?$shared_ptr@UID3D11Device@@@__Cr@std@@PEAUID3D11Device@@@Z@
.?AV<lambda_1>@?0???$to_com_ptr@UID3D11DeviceContext@@@?A0x584683F5@d3d11@client@@YA?AV?$shared_ptr@UID3D11DeviceContext@@@__Cr@std@@PEAUID3D11DeviceContext@@@Z@
.?AV<lambda_1>@?0???$to_com_ptr@UID3D11InputLayout@@@?A0x584683F5@d3d11@client@@YA?AV?$shared_ptr@UID3D11InputLayout@@@__Cr@std@@PEAUID3D11InputLayout@@@Z@
.?AV<lambda_1>@?0???$to_com_ptr@UID3D11PixelShader@@@?A0x584683F5@d3d11@client@@YA?AV?$shared_ptr@UID3D11PixelShader@@@__Cr@std@@PEAUID3D11PixelShader@@@Z@
.?AV<lambda_1>@?0???$to_com_ptr@UID3D11RenderTargetView@@@?A0x584683F5@d3d11@client@@YA?AV?$shared_ptr@UID3D11RenderTargetView@@@__Cr@std@@PEAUID3D11RenderTargetView@@@Z@
.?AV<lambda_1>@?0???$to_com_ptr@UID3D11SamplerState@@@?A0x584683F5@d3d11@client@@YA?AV?$shared_ptr@UID3D11SamplerState@@@__Cr@std@@PEAUID3D11SamplerState@@@Z@
.?AV<lambda_1>@?0???$to_com_ptr@UID3D11ShaderResourceView@@@?A0x584683F5@d3d11@client@@YA?AV?$shared_ptr@UID3D11ShaderResourceView@@@__Cr@std@@PEAUID3D11ShaderResourceView@@@Z@
.?AV<lambda_1>@?0???$to_com_ptr@UID3D11Texture2D@@@?A0x584683F5@d3d11@client@@YA?AV?$shared_ptr@UID3D11Texture2D@@@__Cr@std@@PEAUID3D11Texture2D@@@Z@
.?AV<lambda_1>@?0???$to_com_ptr@UID3D11VertexShader@@@?A0x584683F5@d3d11@client@@YA?AV?$shared_ptr@UID3D11VertexShader@@@__Cr@std@@PEAUID3D11VertexShader@@@Z@
.?AV<lambda_1>@?0???$to_com_ptr@UIDXGIKeyedMutex@@@?A0x584683F5@d3d11@client@@YA?AV?$shared_ptr@UIDXGIKeyedMutex@@@__Cr@std@@PEAUIDXGIKeyedMutex@@@Z@
.?AV<lambda_1>@?0???$to_com_ptr@UIDXGISwapChain@@@?A0x584683F5@d3d11@client@@YA?AV?$shared_ptr@UIDXGISwapChain@@@__Cr@std@@PEAUIDXGISwapChain@@@Z@
.?AV<lambda_1>@?0??UpdateCommitDataRequest@SharedMemoryArbiterImpl@perfetto@@AEAAXVChunk@SharedMemoryABI@3@GIPEAVPatchList@3@@Z@
.?AV<lambda_7>@?0??ReleaseWriterID@SharedMemoryArbiterImpl@perfetto@@AEAAXG@Z@
.?AV?$__money_get@D@__Cr@std@@
.?AV?$__money_get@_W@__Cr@std@@
.?AV?$__money_put@D@__Cr@std@@
.?AV?$__money_put@_W@__Cr@std@@
.?AV?$__stdinbuf@D@__Cr@std@@
.?AV?$__stdinbuf@_W@__Cr@std@@
.?AV?$__stdoutbuf@D@__Cr@std@@
.?AV?$__stdoutbuf@_W@__Cr@std@@
.?AV?$__time_get_c_storage@D@__Cr@std@@
.?AV?$__time_get_c_storage@_W@__Cr@std@@
.?AV?$basic_ios@_WU?$char_traits@_W@__Cr@std@@@__Cr@std@@
.?AV?$basic_istream@_WU?$char_traits@_W@__Cr@std@@@__Cr@std@@
.?AV?$basic_ostream@_WU?$char_traits@_W@__Cr@std@@@__Cr@std@@
.?AV?$basic_streambuf@DU?$char_traits@D@__Cr@std@@@__Cr@std@@
.?AV?$basic_streambuf@_WU?$char_traits@_W@__Cr@std@@@__Cr@std@@
.?AV?$codecvt@DDU_Mbstatet@@@__Cr@std@@
.?AV?$codecvt@_SDU_Mbstatet@@@__Cr@std@@
.?AV?$codecvt@_S_QU_Mbstatet@@@__Cr@std@@
.?AV?$codecvt@_UDU_Mbstatet@@@__Cr@std@@
.?AV?$codecvt@_U_QU_Mbstatet@@@__Cr@std@@
.?AV?$codecvt@_WDU_Mbstatet@@@__Cr@std@@
.?AV?$collate@D@__Cr@std@@
.?AV?$collate@_W@__Cr@std@@
.?AV?$ctype@D@__Cr@std@@
.?AV?$ctype@_W@__Cr@std@@
.?AV?$messages@D@__Cr@std@@
.?AV?$messages@_W@__Cr@std@@
.?AV?$money_get@DV?$istreambuf_iterator@DU?$char_traits@D@__Cr@std@@@__Cr@std@@@__Cr@std@@
.?AV?$money_get@_WV?$istreambuf_iterator@_WU?$char_traits@_W@__Cr@std@@@__Cr@std@@@__Cr@std@@
.?AV?$money_put@DV?$ostreambuf_iterator@DU?$char_traits@D@__Cr@std@@@__Cr@std@@@__Cr@std@@
.?AV?$money_put@_WV?$ostreambuf_iterator@_WU?$char_traits@_W@__Cr@std@@@__Cr@std@@@__Cr@std@@
.?AV?$moneypunct@D$00@__Cr@std@@
.?AV?$moneypunct@D$0A@@__Cr@std@@
.?AV?$moneypunct@_W$00@__Cr@std@@
.?AV?$moneypunct@_W$0A@@__Cr@std@@
.?AV?$num_get@DV?$istreambuf_iterator@DU?$char_traits@D@__Cr@std@@@__Cr@std@@@__Cr@std@@
.?AV?$num_get@_WV?$istreambuf_iterator@_WU?$char_traits@_W@__Cr@std@@@__Cr@std@@@__Cr@std@@
.?AV?$num_put@DV?$ostreambuf_iterator@DU?$char_traits@D@__Cr@std@@@__Cr@std@@@__Cr@std@@
.?AV?$num_put@_WV?$ostreambuf_iterator@_WU?$char_traits@_W@__Cr@std@@@__Cr@std@@@__Cr@std@@
.?AV?$numpunct@D@__Cr@std@@
.?AV?$numpunct@_W@__Cr@std@@
.?AV?$time_get@DV?$istreambuf_iterator@DU?$char_traits@D@__Cr@std@@@__Cr@std@@@__Cr@std@@
.?AV?$time_get@_WV?$istreambuf_iterator@_WU?$char_traits@_W@__Cr@std@@@__Cr@std@@@__Cr@std@@
.?AV?$time_put@DV?$ostreambuf_iterator@DU?$char_traits@D@__Cr@std@@@__Cr@std@@@__Cr@std@@
.?AV?$time_put@_WV?$ostreambuf_iterator@_WU?$char_traits@_W@__Cr@std@@@__Cr@std@@@__Cr@std@@
.?AV__do_message@__Cr@std@@
.?AV__generic_error_category@__Cr@std@@
.?AV__imp@locale@__Cr@std@@
.?AV__iostream_category@__Cr@std@@
.?AV__shared_count@__Cr@std@@
.?AV__system_error_category@__Cr@std@@
.?AV__time_put@__Cr@std@@
.?AVbad_alloc@std@@
.?AVbad_array_new_length@std@@
.?AVbad_exception@std@@
.?AVcodecvt_base@__Cr@std@@
.?AVctype_base@__Cr@std@@
.?AVerror_category@__Cr@std@@
.?AVexception@std@@
.?AVfacet@locale@__Cr@std@@
.?AVfailure@ios_base@__Cr@std@@
.?AVinvalid_argument@std@@
.?AVios_base@__Cr@std@@
.?AVlogic_error@std@@
.?AVmessages_base@__Cr@std@@
.?AVmoney_base@__Cr@std@@
.?AVoverflow_error@std@@
.?AVruntime_error@std@@
.?AVsystem_error@__Cr@std@@
.?AVtime_base@__Cr@std@@
.?AVtype_info@@
.HPN
.Mutator
.Mutator.Clear
.Mutator.Scan
.Mutator.ScanStack
.Scanner
.Scanner.Clear
.Scanner.Scan
.Scanner.Sweep
.html
.log
.patch
.pdf
.png
.xJ>Hf
/2GG>!B
/binary_transfer
/binding
/hang
/media_router
/preferences
/response_filter
/urlrequest
00010203040506070809101112131415161718192021222324252627282930313233343536373839404142434445464748495051525354555657585960616263646566676869707172737475767778798081828384858687888990919293949596979899GetSystemTimePreciseAsFileTime
0123456789
0123456789ABCDEF
0123456789abcdef
0123456789abcdefABCDEFxX+-pPiInN
0E..\..\cef\tests\cefclient\browser\osr_d3d11_win.cc
0E>X
0X8b?~
0iN>/
1#IND
1#INF
1#QNAN
1#SNAN
11Y@
11eU%
127.0.0.1
2\n0\tP
2\vpL
37>k
3>N;kU
3>fvw
51>W
6..\..\base\values.cc
6NK>
6\fXO>\ntA
6be31344d9e3c3145db9bc86aba2c0773bf6bac4
7>I0
7?GX
7~xh
8ke?;
9>70
9a&g
: no conversion
: out of range
:' + prompt('
;base64,
<!--EndFragment-->\r\n</body>\r\n</html>
<!--StartFragment
</a><br/>Error: 
</body></html>
</h3>URL: <a href="
</pre></body></html>
</pre><br/>Try the test form:<form method="POST" action="handler.html"><input type="text" name="field1"><input type="text" name="field2"><input type="submit"></form></body></html>
</table>
</table> * Displayed value is base64 encoded.
</td></tr><tr><td>Issuer</td><td>
</td></tr><tr><td>PEM Encoded*</td><td style="max-width:800px;overflow:scroll;">
</td></tr><tr><td>Serial #*</td><td>
</td></tr><tr><td>Valid Expiry</td><td>
</title></head><body bgcolor="white"><h3>
<NULL>
<div style="width: 100%; font-size: 9px; position: relative;"><div style="position: absolute; left: 5px;"><span class="date"></span></div><div style="position: absolute; right: 5px;"><span class="pageNumber"></span>/<span class="totalPages"></span></div></div>
<div style="width: 100%; font-size: 9px; position: relative;"><div style="position: absolute; left: 5px;"><span class="title"></span></div></div>
<h3>X.509 Certificate Information:</h3><table border=1><tr><th>Field</th><th>Value</th></tr>
<html><body bgcolor="white"><pre>
<html><body bgcolor="white">Source:<pre>
<html><body bgcolor="white">Text:<pre>
<html><body>No data available</body></html>
<html><head><title>
<html><head><title>Client Scheme Handler</title></head><body bgcolor="white">This contents of this page page are served by the ClientSchemeHandler class handling the client:// protocol.<br/>You should see an image:<br/><img src="client://tests/logo.png"><pre>
<html><head><title>SSL Information</title></head><body bgcolor="white"><h3>SSL Connection</h3>
<html>\r\n<body>\r\n<!--StartFragment-->
<table border=1><tr><th>Field</th><th>Value</th></tr>
<tr><td>Content Status</td><td>
<tr><td>DER Encoded*</td><td style="max-width:800px;overflow:scroll;">
<tr><td>SSL Version</td><td>
<tr><td>Server</td><td>
<tr><td>Status</td><td>
<tr><td>Subject</td><td>
<tr><td>Valid Start</td><td>
=87M
=cQ6
=e2m
=imb;D
>cQ6
>jtm}S
?..\..\third_party\perfetto\src\base\time.cc
?7zQ6$
?8bunz8
?@En[vP
?Histogram.MismatchedConstructionArguments
?R0I?
?UUUUUU
?f`Y4
?qBJ
?rAj
?ysB
@testSendProcessMessage
A>pP&
ABCDEFGHIJKLMNOPQRSTUVWXYZ
ABNORMAL_TERMINATION
ADVAPI32.dll
AES for Intel AES-NI, CRYPTOGAMS by <appro@openssl.org>
AES-NI GCM module for x86_64, CRYPTOGAMS by <appro@openssl.org>
AK>(v
ALPC Port
Access-Control-Allow-Headers
Access-Control-Allow-Origin
AccessCheck
AccessibleObjectFromWindow
AccountFetcherService
AcquireSRWLockExclusive
AddHandleToShare
AddMandatoryAce
AdjustTokenPrivileges
AdjustWindowRectEx
AllocateImpl
Alloy
Alloy style is not supported with Chrome runtime DevTools; using Chrome style.
AppPolicyGetProcessTerminationMethod
AppPolicyGetThreadInitializationType
April
AreFileApisANSI
Arg list too long
Assert failed: size % sizeof(wchar_t) == 0u. 
August
B..\..\cef\tests\shared\browser\util_win.cc
BC?>6t9^\tc:>
BF>^G
BOOLEAN_HISTOGRAM
Back
Bad address
Bad file descriptor
Bad variant access
Begin Tracing
BeginDeferWindowPos
BeginPaint
Blink.UseCounter
Blob
Blocking command 
Blue
Broken pipe
BrokerEvent
Browser is already subscribed
Browser is not currently subscribed
BuildTrusteeWithSidW
C5R?\t
C:\buildworker\cef_win64\build\root\chromium\src\out\Release_GN_x64\cefclient.exe.pdb
CERT_STATUS_AUTHORITY_INVALID
CERT_STATUS_COMMON_NAME_INVALID
CERT_STATUS_CT_COMPLIANCE_FAILED
CERT_STATUS_DATE_INVALID
CERT_STATUS_INVALID
CERT_STATUS_IS_EV
CERT_STATUS_NAME_CONSTRAINT_VIOLATION
CERT_STATUS_NON_UNIQUE_NAME
CERT_STATUS_NO_REVOCATION_MECHANISM
CERT_STATUS_PINNED_KEY_MISSING
CERT_STATUS_REVOKED
CERT_STATUS_REV_CHECKING_ENABLED
CERT_STATUS_SHA1_SIGNATURE_PRESENT
CERT_STATUS_UNABLE_TO_CHECK_REVOCATION
CERT_STATUS_VALIDITY_TOO_LONG
CERT_STATUS_WEAK_KEY
CERT_STATUS_WEAK_SIGNATURE_ALGORITHM
CL:>8
COMDLG32.dll
CUMA.NegativeSamples.Reason
CUSTOM_HISTOGRAM
CWD>~3
CacheStorage
Calculators
CallWindowProcW
CameraStream
Check Item
Check failed: 
Check failed: !(is_devtools && !use_views). 
Check failed: !IsNull(functor_). 
Check failed: !callback.is_null() || !MainContext::Get()->UseChromeBootstrap(). 
Check failed: back_hwnd_. 
Check failed: browser_view. 
Check failed: d3d11_ctx. 
Check failed: edit_hwnd_. 
Check failed: false. 
Check failed: find_message_id_. 
Check failed: forward_hwnd_. 
Check failed: hwnd_. 
Check failed: lpfr == &self->find_state_. 
Check failed: message_hwnd_. 
Check failed: old != nullptr. 
Check failed: ref_.IsValid(). 
Check failed: ref_count_.Increment() > 0. 
Check failed: reload_hwnd_. 
Check failed: result != 0 || GetLastError() == ERROR_SUCCESS. 
Check failed: stop_hwnd_. 
ChoosePixelFormat
Chrome
Chrome runtime defaults to the Views framework.
Clear
ClientRenderer.FocusedNodeChanged
ClientToScreen
Close DevTools
CloseDesktop
CloseHandle
CloseTouchInputHandle
CloseWindowStation
CoTaskMemAlloc
CoTaskMemFree
Collections of all histograms\n
Collections of histograms for %s\n
CombineRgn
CompareStringEx
CompareStringW
Context Menu Test
ConvertSidToStringSidW
ConvertStringSidToSidW
CorExitProcess
Corruption detected in shared-memory segment.
CreateAppContainerProfile
CreateAppContainerToken
CreateCaret
CreateDesktopW
CreateEventW
CreateFileMappingW
CreateFileW
CreateFontW
CreateIoCompletionPort
CreateJobObjectW
CreateMutexW
CreatePersistentRecord
CreateProcessAsUserW
CreateRectRgn
CreateRemoteThread
CreateRestrictedToken
CreateSolidBrush
CreateThread
CreateWindowExW
CreateWindowStationW
Creating a chrome browser with the default client
Cursor change disabled
Custom...
D3D11CreateDevice
D3DCompile
D7q"
D7q/;M
DNASYXOB@
DUMMY_HISTOGRAM
Dark
Debug
DebugBreak
December
DecodePointer
DefWindowProcW
Default
DeferWindowPos
DeleteCriticalSection
DeleteObject
DeleteProcThreadAttributeList
DeriveAppContainerSidFromAppContainerName
DestroyCaret
DestroyWindow
Dialog Window
Dialog windows require Views
DialogBoxParamW
Directory not empty
DispatchMessageW
DoDragDrop
Domain error
DoubleStorage
DragFinish
DragQueryFileW
DumpWithoutCrashing
DuplicateHandle
DuplicateTokenEx
E&xit
E>nEA
ERROR
ERR_ABORTED
ERR_ACCESS_DENIED
ERR_ADDRESS_INVALID
ERR_ADDRESS_UNREACHABLE
ERR_CACHE_MISS
ERR_CERT_AUTHORITY_INVALID
ERR_CERT_COMMON_NAME_INVALID
ERR_CERT_CONTAINS_ERRORS
ERR_CERT_DATE_INVALID
ERR_CERT_END
ERR_CERT_INVALID
ERR_CERT_NO_REVOCATION_MECHANISM
ERR_CERT_REVOKED
ERR_CERT_UNABLE_TO_CHECK_REVOCATION
ERR_CONNECTION_ABORTED
ERR_CONNECTION_CLOSED
ERR_CONNECTION_FAILED
ERR_CONNECTION_REFUSED
ERR_CONNECTION_RESET
ERR_DISALLOWED_URL_SCHEME
ERR_EMPTY_RESPONSE
ERR_FAILED
ERR_FILE_NOT_FOUND
ERR_FILE_TOO_BIG
ERR_INSECURE_RESPONSE
ERR_INTERNET_DISCONNECTED
ERR_INVALID_ARGUMENT
ERR_INVALID_CHUNKED_ENCODING
ERR_INVALID_HANDLE
ERR_INVALID_RESPONSE
ERR_INVALID_URL
ERR_METHOD_NOT_SUPPORTED
ERR_NAME_NOT_RESOLVED
ERR_NONE
ERR_NOT_IMPLEMENTED
ERR_NO_SSL_VERSIONS_ENABLED
ERR_RESPONSE_HEADERS_TOO_BIG
ERR_SSL_CLIENT_AUTH_CERT_NEEDED
ERR_SSL_PROTOCOL_ERROR
ERR_SSL_RENEGOTIATION_REQUESTED
ERR_SSL_VERSION_OR_CIPHER_MISMATCH
ERR_TIMED_OUT
ERR_TOO_MANY_REDIRECTS
ERR_TUNNEL_CONNECTION_FAILED
ERR_UNEXPECTED
ERR_UNEXPECTED_PROXY_AUTH
ERR_UNKNOWN_URL_SCHEME
ERR_UNSAFE_PORT
ERR_UNSAFE_REDIRECT
ET5>
E[\rn?gc
EnableChildWindowDpiMessage
EnableNonClientDpiScaling
EnableWindow
EncodePointer
End Tracing
EndDeferWindowPos
EndDialog
EndFragment:
EndPaint
Enter Device Scale Factor
Enter FPS
EnterCriticalSection
EnumChildWindows
EnumSystemLocalesEx
EnumSystemLocalesW
EqualSid
Error
Error (0x%lX) while retrieving error. (0x%lX)
Exec format error
ExitProcess
ExitThread
ExpandEnvironmentStringsW
F>qUxv
FATAL
FEMh\f
Failed to allocate shared memory region of size 
Failed to create image 
Failed to initialize D3D11 rendering.
Failed to load image 
Failed to open D3D11_1 device. hr=
Failed to open shared texture. hr=
FeatureList-early-access-allow-list
FeatureList-feature-accessed-too-early
February
FfW?
File "
File exists
File too large
FileSystem
Filename too long
FindAndRunHistogramCallbacks
FindClose
FindFirstFileExW
FindNextFileW
FindResourceW
FindTextW
FlsAlloc
FlsFree
FlsGetValue
FlsSetValue
FlushFileBuffers
FormatMessageW
Forward
FreeEnvironmentStringsW
FreeLibrary
FreeLibraryAndExitThread
FreeSid
Friday
Function not implemented
G>US
GAMEPAD
GDI32.dll
GHASH for x86_64, CRYPTOGAMS by <appro@openssl.org>
GdiDllInitialize
GenuineIntel
Get Source
Get Text
GetACP
GetAce
GetAncestor
GetCPInfo
GetCapture
GetClientRect
GetCommandLineA
GetCommandLineW
GetConsoleMode
GetConsoleOutputCP
GetCurrentDirectoryW
GetCurrentProcess
GetCurrentProcessId
GetCurrentProcessorNumber
GetCurrentThread
GetCurrentThreadId
GetCursorPos
GetDC
GetDateFormatEx
GetDateFormatW
GetDeviceCaps
GetDoubleClickTime
GetDpiForWindow
GetDriveTypeW
GetEnvironmentStringsW
GetFileAttributesW
GetFileSizeEx
GetFileType
GetFocus
GetFullPathNameW
GetHandleVerifier
GetKeyState
GetKeyboardLayout
GetLastError
GetLengthSid
GetLocalTime
GetLocaleInfoEx
GetLocaleInfoW
GetLongPathNameW
GetMenu
GetMessageExtraInfo
GetMessageTime
GetMessageW
GetModuleFileNameW
GetModuleHandleA
GetModuleHandleExW
GetModuleHandleW
GetMonitorInfoW
GetNamedSecurityInfoW
GetNativeSystemInfo
GetOEMCP
GetParent
GetPerfTests
GetProcAddress
GetProcessDpiAwareness
GetProcessHandleCount
GetProcessHeap
GetProcessHeaps
GetProcessMitigationPolicy
GetProcessWindowStation
GetProductInfo
GetPropW
GetQueuedCompletionStatus
GetSecurityDescriptorControl
GetSecurityDescriptorDacl
GetSecurityDescriptorGroup
GetSecurityDescriptorOwner
GetSecurityDescriptorSacl
GetSecurityInfo
GetStartupInfoW
GetStdHandle
GetStockObject
GetStringTypeW
GetSubMenu
GetSystemInfo
GetSystemMetrics
GetSystemTimeAsFileTime
GetThreadDescription
GetThreadDesktop
GetThreadId
GetThreadPriority
GetTickCount
GetTimeFormatEx
GetTimeFormatW
GetTimeZoneInformation
GetTokenInformation
GetTouchInputInfo
GetUntyped
GetUserDefaultLCID
GetUserDefaultLangID
GetUserDefaultLocaleName
GetUserObjectInformationW
GetVersionExW
GetWindowLongPtrW
GetWindowLongW
GetWindowPlacement
GlobalAlloc
GlobalLock
GlobalSize
GlobalUnlock
Green
HH:mm:ss
HISTOGRAM
HeapDestroy
HeapSetInformation
Hello, world!
Histogram.BadConstructionArguments
Histogram.TooManyBuckets.1000
Histogram: 
IMM32.dll
IND)ind)"
IND)ind)d
INFO
INITY
INTEGRITY_FAILURE
Il?333333c?
Illegal byte sequence
ImmAssociateContextEx
ImmGetCompositionStringW
ImmGetContext
ImmNotifyIME
ImmReleaseContext
ImmSetCandidateWindow
Improper link
Inappropriate I/O control operation
Incorrect message format
IndexedDB
Info
InitOnceExecuteOnce
InitializeAcl
InitializeCriticalSectionAndSpinCount
InitializeCriticalSectionEx
InitializeProcThreadAttributeList
InitializeSListHead
Input/output error
Inspect Element
Interactive
Interrupted function call
Invalid
Invalid argument
Invalid arguments; expecting a single integer
Invalid arguments; expecting a single object
Invalid arguments; object member '
Invalid arguments; object member 'size' is required and must have integer type
Invalid arguments; object member 'size' must be positive
Invalid arguments; object member 'testId' is required and must have integer type
Invalid function parameters
Invalid port number specified
Invalid route: 
Invalid seek
Invalid sink: 
Invalid source: 
InvalidateRect
Is a directory
IsDebuggerPresent
IsDialogMessageW
IsProcessorFeaturePresent
IsSandboxedProcess
IsValidAcl
IsValidCodePage
IsValidLocale
IsValidLocaleName
IsValidSecurityDescriptor
IsValidSid
IsWindow
IsWindowEnabled
IsWindowVisible
IsWow64Process
IsWow64Process2
January
Java
Java,devtools,disabled-by-default-devtools.timeline
July
June
KERNEL32.dll
Kernel32.dll
KillTimer
L>ev
L?UUUUUUU?
LAUNCH_FAILED
LCIDToLocaleName
LCMapStringEx
LCMapStringW
LINEAR_HISTOGRAM
LLD PDB.
LOG_FATAL
LWG>
LWW>
LeaveCriticalSection
Level: 
Light
Limited
Limited User
Line: 
Ln/a
LoadAcceleratorsW
LoadCursorW
LoadIconW
LoadLibraryExA
LoadLibraryExW
LoadLibraryW
LoadResource
LoadStringW
LocalFree
LocaleNameToLCID
LockResource
Lockdown
LogMessage
Logging-DUMP_WILL_BE_CHECK_MESSAGE
Logging-FATAL_MILESTONE
Logging-NOTREACHED_MESSAGE
LookupPrivilegeValueW
LresultFromObject
LwH'
MGiI
MM/dd/yy
MapGenericMask
MapViewOfFile
March
Media handling disabled
Message: 
Missing or incorrectly formatted message key: 
Monday
MonitorFromRect
MonitorNextJankWindowIfNecessary
Montgomery Multiplication with scatter/gather for x86_64, CRYPTOGAMS by <appro@openssl.org>
MultiByteToWideChar
Mute Audio
My Header Value
My Open Folder Dialog
My Open Image Dialog
My Open MultiType Dialog
My Open PNG Dialog
My-Custom-Header
M|1}0
N3`d?
N>O=I9
N>VF
NAN(IND)
NAN(SNAN)
NOT IMPLEMENTED
NOTREACHED hit. 
NOTREACHED log messages are omitted in official builds. Sorry!
NQ?s
Native
Network.emulateNetworkConditions
New Window
No child processes
No error
No locks available
No preferences changed.
No space left on device
No such device
No such device or address
No such file or directory
No such process
Non-finite (i.e. NaN or positive/negative infinity) 
None
Not a directory
Not enough space
Not implemented
Not supported
NotReachedIsFatal
NotifyWinEvent
November
NtAllocateVirtualMemory
NtClose
NtCreateFile
NtCreateSection
NtDuplicateObject
NtFreeVirtualMemory
NtMapViewOfSection
NtOpenFile
NtOpenProcess
NtOpenProcessToken
NtOpenProcessTokenEx
NtOpenThread
NtOpenThreadToken
NtOpenThreadTokenEx
NtProtectVirtualMemory
NtQueryAttributesFile
NtQueryFullAttributesFile
NtQueryInformationProcess
NtQueryObject
NtQuerySection
NtQueryVirtualMemory
NtSetInfoRename
NtSetInformationFile
NtSetInformationThread
NtSignalAndWaitForSingleObject
NtUnmapViewOfSection
NtWaitForSingleObject
OLEACC.dll
OLEAUT32.dll
OPENGL32.dll
OPENSSL_ia32cap
OZQ%
October
Offline mode
OpenProcessToken
OpenThreadToken
Operation not permitted
Other Tests
OutputDebugStringA
OutputDebugStringW
PA.PCScan.
PCScan
PERFETTO_CHECK(chunk.size() == page_chunk_size)
PERFETTO_CHECK(chunk_state == expected_chunk_state)
PERFETTO_CHECK(cur_packet_->is_finalized())
PERFETTO_CHECK(false && "A track event used an unknown category. Please add it to " "PERFETTO_DEFINE_CATEGORIES().")
PERFETTO_CHECK(false)
PERFETTO_CHECK(perf_counter_now >= perf_counter_initial)
PERFETTO_CHECK(protobuf_stream_writer_.bytes_available() != 0)
PERFETTO_CHECK(ptr <= chunk.end() - SharedMemoryABI::kPacketHeaderSize)
PERFETTO_CHECK(reinterpret_cast<uintptr_t>(begin) % kChunkAlignment == 0)
PERFETTO_CHECK(size > 0)
PERFETTO_CHECK(tsc_now >= tsc_initial)
PERFETTO_CHECK(was_always_bound_)
PERFETTO_CHECK(writer_)
POSITION
PROCESS_CRASHED
PROCESS_OOM
PROCESS_WAS_KILLED
Page failed to load
PerfTestReturnValue
Permission denied
PersistentMemoryAllocator-cookie
PersistentMemoryAllocator-corrupted
PersistentMemoryAllocator-file_name
PersistentMemoryAllocator-freeptr
PersistentMemoryAllocator-full
PersistentMemoryAllocator-mem_page_
PersistentMemoryAllocator-mem_size_
PersistentMemoryAllocator-page_free
PersistentMemoryAllocator-raced
PersistentMemoryAllocator-ref
PersistentMemoryAllocator-ref_after
PersistentMemoryAllocator-ref_before
PersistentMemoryAllocator-ref_found
PersistentMemoryAllocator-req_size
PersistentMemoryAllocator-size
PersistentMemoryAllocator-size_
PersistentMemoryAllocator-type_
PersistentMemoryAllocator-type_id
PersistentSampleMap-corrupted
Ping1
Ping2
PlatformMalloc
Please first navigate to a 
Popup Window
PostMessageW
PostQueuedCompletionStatus
PostQuitMessage
Print
Print to PDF
ProcessPrng
Prompt.
PtInRect
PtInRegion
Q5rHg,>
QAf?
Qkkbal
QueryDosDeviceW
QueryInformationJobObject
QueryPerformanceCounter
QueryPerformanceFrequency
QueryThreadCycleTime
REPLACE_THIS_STRING
RSDSE
R\n0\tP
R\n0\tp
R\vpL
Radio Item 1
Radio Item 2
Radio Item 3
RaiseException
Read-only file system
ReadConsoleW
ReadFile
ReadProcessMemory
Received non-square scaling factors
RegCloseKey
RegDisablePredefinedCache
RegOpenKeyExW
RegQueryValueExW
RegisterClassExW
RegisterClassW
RegisterClipboardFormatW
RegisterDragDrop
RegisterTouchWindow
RegisterWaitForSingleObject
RegisterWindowMessageW
ReleaseCapture
ReleaseDC
ReleaseSRWLockExclusive
ReleaseStgMedium
Reload
RemoveMenu
RemovePropW
Render process terminated
Render process terminated with status 
ReportInvalidWaitableEventResult
Request
Resource deadlock avoided
Resource device
Resource temporarily unavailable
Restricted Non Admin
Restricted Same Access
Result too large
RevertToSelf
RevokeDragDrop
RoInitialize
RoUninitialize
RtlAllocateHeap
RtlAnsiStringToUnicodeString
RtlCaptureContext
RtlCaptureStackBackTrace
RtlCompareUnicodeString
RtlCreateHeap
RtlDestroyHeap
RtlFreeHeap
RtlInitUnicodeString
RtlLookupFunctionEntry
RtlNtStatusToDosError
RtlPcToFileHeader
RtlUnwind
RtlUnwindEx
RtlVirtualUnwind
RunPerfTest
S-1-16-0 Untrusted
S-1-16-12288 High
S-1-16-16384 System
S-1-16-2048 Below Low
S-1-16-4096 Low
S-1-16-6144 Medium Low
S-1-16-8192 Medium
S9>H
S>$hkDh$h>[2
SHA1 block transform for x86_64, CRYPTOGAMS by <appro@openssl.org>
SHA512 block transform for x86_64, CRYPTOGAMS by <appro@openssl.org>
SHELL32.dll
SHGetFolderPathW
SNAN)
SOFTWARE\Policies\Google\Chrome
SPARSE_HISTOGRAM
SSL certificate error
SSL_CONNECTION_VERSION_QUIC
SSL_CONNECTION_VERSION_SSL2
SSL_CONNECTION_VERSION_SSL3
SSL_CONNECTION_VERSION_TLS1
SSL_CONNECTION_VERSION_TLS1_1
SSL_CONNECTION_VERSION_TLS1_2
SSL_CONNECTION_VERSION_TLS1_3
SSL_CONNECTION_VERSION_UNKNOWN
SSL_CONTENT_DISPLAYED_INSECURE_CONTENT
SSL_CONTENT_NORMAL_CONTENT
SSL_CONTENT_RAN_INSECURE_CONTENT
SampleVector-max
SampleVector-min
SampleVector-range_max
SampleVector-range_min
Saturday
ScopedBlockingCallWithBaseSyncPrimitives
ScreenToClient
SendMessageW
September
Server failed to start.
Server failed to stop.
Server is currently running
Server is not currently running
ServiceWorker
SetCapture
SetCaretPos
SetClassLongPtrW
SetCursor
SetDefaultDllDirectories
SetEndOfFile
SetEntriesInAclW
SetEnvironmentVariableW
SetEvent
SetFilePointerEx
SetFocus
SetHandleInformation
SetInformationJobObject
SetLastError
SetMenu
SetParent
SetPixelFormat
SetProcessMitigationPolicy
SetProcessMitigationPolicy failed with Policy: 
SetProcessMitigationPolicyInternal
SetProcessWindowStation
SetPropW
SetRect
SetRectRgn
SetSecurityInfo
SetStdHandle
SetThreadAffinityMask
SetThreadDescription
SetThreadInformation
SetThreadPriority
SetThreadToken
SetTimer
SetTokenInformation
SetUnhandledExceptionFilter
SetWindowLongPtrW
SetWindowPlacement
SetWindowPos
SetWindowTextW
Shared memory buffer max stall count exceeded; possible deadlock (errno: %d, %s)
Show SSL information
ShowWindow
SiteEngagement
SizeofResource
Sleep
SleepConditionVariableSRW
Source: 
SourceURL:
Stability.DumpWithoutCrashingStatus
Stop
StopWatching
Subscriptions must be persistent
Successfully changed 
Sunday
SwapBuffers
SwitchToThread
System
TEXCOORD
TUUUU
TerminateJobObject
TerminateProcess
Test.FileOpenPng/dialogs
Texture2D tex0 : register(t0);\nSamplerState samp0 : register(s0);\n\nstruct VS_OUTPUT\n{\n\tfloat4 pos : SV_POSITION;\n\tfloat2 tex : TEXCOORD0;\n};\n\nfloat4 main(VS_OUTPUT input) : SV_Target\n{\n\treturn tex0.Sample(samp0, input.tex);\n}
The query has been canceled
Theme
This is the replaced string!
Thursday
TimedWait
TlsAlloc
TlsFree
TlsGetValue
TlsSetValue
Too many links
Too many open files
Too many open files in system
Tracing not initialized. Call perfetto::Tracing::Initialize() first. (errno: %d, %s)
TrackMouseEvent
TranslateAcceleratorW
TranslateMessage
TriggerNotReached
TryAcquireSRWLockExclusive
Trying to create an unregistered preference: 
Ts\ne
Tuesday
U1(\Q
UA>N0Wl
UMA.NegativeSamples.Histogram
UMA.NegativeSamples.Increment
UNKNOWN
URL: 
USER32.dll
USERENV.dll
UTF-16LEUNICODE
UTF-8
UUUUUU
UUUUUUUUUUUUUUUU3333333333333333
U\f2>Y
UnhandledExceptionFilter
Unknown
Unknown error
Unknown exception
Unknown field type %u (errno: %d, %s)
Unknown test: 
UnmapViewOfFile
Unmute Audio
Unprotected
Unrecognized action: 
Unrecognized command: 
UnregisterClassW
UnregisterWaitEx
Unspecified
UntrackedTask
Unused
UpdateProcThreadAttribute
UpdateWindow
Using 
V8ArrayBufferCreate
V8ArrayCreate
V8ArrayGetValue
V8ArraySetValue
V8BoolCreate
V8ContextEnterExit
V8ContextEval
V8DateCreate
V8DoubleCreate
V8FunctionCreate
V8FunctionExecute
V8FunctionExecuteWithContext
V8IntCreate
V8ObjectCreate
V8ObjectCreateWithAccessor
V8ObjectCreateWithInterceptor
V8ObjectGetValue
V8ObjectGetValueWithAccessor
V8ObjectSetValue
V8ObjectSetValueWithAccessor
V8StringCreate
V8UIntCreate
VERBOSE
ValueStoreFrontend::Backend
Vector Permutation AES for x86_64/SSSE3, Mike Hamburg (Stanford University)
VerSetConditionMask
VerifyVersionInfoW
Version:0.9\r\nStartHTML:%010u\r\nEndHTML:%010u\r\nStartFragment:%010u\r\nEndFragment:%010u\r\n
Views
VirtualAlloc
VirtualAllocEx
VirtualFree
VirtualFreeEx
VirtualProtect
VirtualProtectEx
VirtualQuery
Visual C++ CRT: Not enough memory to complete call to strerror.
VkKeyScanExW
WARNING
WINMM.dll
WaNd?
WaitForSingleObject
WaitableEvent::Wait Complete
WakeAllConditionVariable
WakeConditionVariable
Warn
WebCore
WebCore,benchmark,rail
Wednesday
WideCharToMultiByte
WindowFromPoint
Windowed
Windowless
Windowless rendering is not supported by the Views framework.
Windowless rendering is not supported with Chrome style; using windowed rendering.
Windowless rendering is not supported with Views; using windowed rendering.
Windowless rendering requires Alloy style.
WriteConsoleW
WriteFile
WriteProcessMemory
W}9D*
X-My-Header
X/4B
Y8a:
Y>kX>M
Z\>z8
Zjz\v
Zoom In
Zoom Out
Zoom Reset
[%03u.%03u] 
[%s : %d] RAW: 
[*ncd>0
[aOni*{
[printf format error]
\Device\DeviceApi
\Device\KsecDD
\nHeaders:
\nMethod: 
\nPost Data:
\nStartFragment:
\n\tBytes: 
\nh?oT
\nk>oB
\r8STs\ne
\t\n\vSHA256 block transform for x86_64, CRYPTOGAMS by <appro@openssl.org>
\tcQr
\tkE>fvw
\u%04X
\u003C
\u2028
\u2029
\vA03>A|
^<V7w
^RfN>
_ScopedAllowBaseSyncPrimitivesOutsideBlockingScope
__based(
__cdecl
__clrcall
__eabi
__fastcall
__metadata
__next_prime overflow
__pascal
__ptr64
__restrict
__stdcall
__swift_1
__swift_2
__swift_3
__thiscall
__thread_specific_ptr construction failed
__unaligned
__vectorcall
_cabs
_hypot
_logb
_nextafter
_oD>Kg
_strnicmp
`RTTI
`anonymous namespace'
`copy constructor closure'
`default constructor closure'
`dynamic atexit destructor for '
`dynamic initializer for '
`eh vector constructor iterator'
`eh vector copy constructor iterator'
`eh vector destructor iterator'
`eh vector vbase constructor iterator'
`eh vector vbase copy constructor iterator'
`local static guard'
`local static thread guard'
`local vftable constructor closure'
`local vftable'
`managed vector constructor iterator'
`managed vector copy constructor iterator'
`managed vector destructor iterator'
`omni callsig'
`placement delete closure'
`placement delete[] closure'
`scalar deleting destructor'
`string'
`typeof'
`udt returning'
`vbase destructor'
`vbtable'
`vcall'
`vector constructor iterator'
`vector copy constructor iterator'
`vector deleting destructor'
`vector destructor iterator'
`vector vbase constructor iterator'
`vector vbase copy constructor iterator'
`vftable'
`virtual displacement map'
a6>r
abcdefghijklmnopqrstuvwxyz
about:blank
accepts-first-mouse
accessibility
acos
action
address family not supported
address in use
address not available
alarm
alert('
allow-running-insecure-content
allow_running_insecure_content
already connected
always-on-top
android.ui.jank
android_webview
android_webview,toplevel
android_webview.timeline
android_webview.timeline,android.ui.jank
aogh
appContainerCapabilities
appContainerInitialCapabilities
appContainerSid
arg1=val1&arg2=val2
asin
askBroker
atan
atan2
attributes
audio
ax_tree_id
background-color
bad allocation
bad array new length
bad exception
bad message
bad_array_new_length was thrown in -fno-exceptions mode
bad_cast was thrown in -fno-exceptions mode
bad_function_call was thrown in -fno-exceptions mode
bad_optional_access was thrown in -fno-exceptions mode
bad_variant_access was thrown in -fno-exceptions mode
bad_weak_ptr was thrown in -fno-exceptions mode
base
base,toplevel
basic_string
benchmark
benchmark,drm
benchmark,latencyInfo,rail
benchmark,latencyInfo,rail,input.scrolling
benchmark,loading
benchmark,rail
benchmark,ui
benchmark,uma
benchmark,viz
benchmark,viz,disabled-by-default-display.framedisplayed
binary_transfer.html
binding.html
bitset reset argument out of range
bitset set argument out of range
bitset test argument out of range
blink
blink,benchmark
blink,benchmark,rail,disabled-by-default-blink.debug.layout
blink,blink.resource
blink,blink_style
blink,devtools.timeline
blink,loading
blink,rail
blink.animations
blink.animations,devtools.timeline,benchmark,rail
blink.bindings
blink.console
blink.net
blink.resource
blink.user_timing
blink.user_timing,rail
blink.worker
blink_style
body
bounds
browser
browser,content,navigation
browser,navigation
browser,navigation,benchmark
browser,startup
browsing_data
bucket_count
c?FA@s}
cache-path
camera
cast
cast.mdns
cast.mdns.socket
cast.stream
cast_app
cast_perf_test
category1,category2
cc,benchmark
cc,benchmark,disabled-by-default-devtools.timeline.frame
cc,benchmark,input,input.scrolling
cc,disabled-by-default-devtools.timeline
cc,input
cc,raf_investigation
cc.debug
cdp.perf
cef.client
cefQuery
cefQueryCancel
cef_api_hash
cef_base64encode
cef_basetime_now
cef_begin_tracing
cef_binary_value_create
cef_browser_host_create_browser
cef_browser_view_create
cef_browser_view_get_for_browser
cef_command_line_create
cef_command_line_get_global
cef_crash_reporting_enabled
cef_create_context_shared
cef_currently_on
cef_dictionary_value_create
cef_display_convert_screen_rect_from_pixels
cef_display_convert_screen_rect_to_pixels
cef_display_get_matching_bounds
cef_do_message_loop_work
cef_drag_data_create
cef_end_tracing
cef_execute_process
cef_get_current_platform_thread_id
cef_get_exit_code
cef_get_mime_type
cef_get_min_log_level
cef_image_create
cef_initialize
cef_is_rtl
cef_label_button_create
cef_list_value_create
cef_load_crlsets_file
cef_log
cef_menu_button_create
cef_menu_model_create
cef_panel_create
cef_parse_json
cef_parse_url
cef_post_data_create
cef_post_data_element_create
cef_post_delayed_task
cef_post_task
cef_preference_manager_get_global
cef_process_message_create
cef_quit_message_loop
cef_register_scheme_handler_factory
cef_request_context_create_context
cef_request_context_get_global_context
cef_request_create
cef_run_message_loop
cef_server_create
cef_set_crash_key_value
cef_set_osmodal_loop
cef_shared_process_message_builder_create
cef_shutdown
cef_stream_reader_create_for_data
cef_stream_reader_create_for_handler
cef_stream_writer_create_for_handler
cef_string_list_alloc
cef_string_list_append
cef_string_list_free
cef_string_list_size
cef_string_list_value
cef_string_map_alloc
cef_string_map_append
cef_string_map_free
cef_string_map_key
cef_string_map_size
cef_string_map_value
cef_string_multimap_alloc
cef_string_multimap_append
cef_string_multimap_free
cef_string_multimap_key
cef_string_multimap_size
cef_string_multimap_value
cef_string_userfree_utf8_free
cef_string_utf16_clear
cef_string_utf16_to_lower
cef_string_utf8_clear
cef_string_utf8_cmp
cef_string_utf8_set
cef_string_utf8_to_utf16
cef_string_utf8_to_wide
cef_string_wide_clear
cef_string_wide_to_utf8
cef_textfield_create
cef_time_delta
cef_time_from_basetime
cef_time_now
cef_time_to_basetime
cef_time_to_timet
cef_uriencode
cef_v8context_get_current_context
cef_v8value_create_array
cef_v8value_create_array_buffer
cef_v8value_create_bool
cef_v8value_create_date
cef_v8value_create_double
cef_v8value_create_function
cef_v8value_create_int
cef_v8value_create_null
cef_v8value_create_object
cef_v8value_create_string
cef_v8value_create_uint
cef_v8value_create_undefined
cef_value_create
cef_window_create_top_level
cef_write_json
cefclient blocks dragging of URLs and files
cefclient.exe
cefclient.window_restore
ceil
childTreeId
child_ids
chrome://settings/manageProfile
chromeos
client
componentFilters
compositor
condition_variable timed_wait failed
condition_variable wait failed
condition_variable::timed wait: mutex not locked
condition_variable::wait: mutex not locked
connection aborted
connection already in progress
connection refused
connection reset
connection_state
console.log
content
content,navigation
content_capture
corrupt=
cosh
cppgc
crl-sets-path
css.com/
d3d11.dll
d3d11: Could not open shared texture!
d3d11: Failed to resize swapchain (
d3d11: Selected adapter 
d8L2
d?000000`?
dRL>
data:
dddd, MMMM dd, yyyy
delegated_ink_trails
deny
description
desiredIntegrityLevel
desiredMitigations
destination address required
device
devtools
devtools.contrast
devtools.timeline
devtools.timeline,rail
dial
dialogs.html
disable-chrome-runtime
disable-gpu
disable-gpu-compositing
disable-spell-checking
disabled
disabled-by-default-SyncFileSystem
disabled-by-default-android_view_hierarchy
disabled-by-default-animation-worklet
disabled-by-default-audio
disabled-by-default-audio-worklet
disabled-by-default-audio.latency
disabled-by-default-base
disabled-by-default-blink.debug
disabled-by-default-blink.debug.display_lock
disabled-by-default-blink.debug.layout
disabled-by-default-blink.debug.layout.trees
disabled-by-default-blink.feature_usage
disabled-by-default-blink.image_decoding
disabled-by-default-blink.invalidation
disabled-by-default-cc
disabled-by-default-cc.debug
disabled-by-default-cc.debug,disabled-by-default-viz.quads,disabled-by-default-devtools.timeline.layers
disabled-by-default-cc.debug.cdp-perf
disabled-by-default-cc.debug.display_items
disabled-by-default-cc.debug.display_items,disabled-by-default-cc.debug.picture,disabled-by-default-devtools.timeline.picture
disabled-by-default-cc.debug.lcd_text
disabled-by-default-cc.debug.picture
disabled-by-default-cc.debug.scheduler
disabled-by-default-cc.debug.scheduler.frames
disabled-by-default-cc.debug.scheduler.now
disabled-by-default-content.verbose
disabled-by-default-cppgc
disabled-by-default-cpu_profiler
disabled-by-default-cpu_profiler.debug
disabled-by-default-devtools.screenshot
disabled-by-default-devtools.target-rundown
disabled-by-default-devtools.timeline
disabled-by-default-devtools.timeline.frame
disabled-by-default-devtools.timeline.inputs
disabled-by-default-devtools.timeline.invalidationTracking
disabled-by-default-devtools.timeline.layers
disabled-by-default-devtools.timeline.picture
disabled-by-default-devtools.timeline.stack
disabled-by-default-devtools.v8-source-rundown
disabled-by-default-devtools.v8-source-rundown-sources
disabled-by-default-display.framedisplayed
disabled-by-default-file
disabled-by-default-fonts
disabled-by-default-gpu.dawn
disabled-by-default-gpu.debug
disabled-by-default-gpu.decoder
disabled-by-default-gpu.device
disabled-by-default-gpu.graphite.dawn
disabled-by-default-gpu.service
disabled-by-default-gpu.vulkan.vma
disabled-by-default-gpu_cmd_queue
disabled-by-default-histogram_samples
disabled-by-default-identifiability
disabled-by-default-identifiability.high_entropy_api
disabled-by-default-java-heap-profiler
disabled-by-default-layer-element
disabled-by-default-layout_shift.debug
disabled-by-default-lifecycles
disabled-by-default-loading
disabled-by-default-mediastream
disabled-by-default-memory-infra
disabled-by-default-memory-infra.v8.code_stats
disabled-by-default-mojom
disabled-by-default-net
disabled-by-default-network
disabled-by-default-paint-worklet
disabled-by-default-power
disabled-by-default-renderer.scheduler
disabled-by-default-renderer.scheduler.debug
disabled-by-default-sequence_manager
disabled-by-default-sequence_manager.debug
disabled-by-default-sequence_manager.verbose_snapshots
disabled-by-default-skia
disabled-by-default-skia.gpu
disabled-by-default-skia.gpu.cache
disabled-by-default-skia.shaders
disabled-by-default-skottie
disabled-by-default-system_power
disabled-by-default-system_stats
disabled-by-default-thread_pool_diagnostics
disabled-by-default-toplevel.ipc
disabled-by-default-user_action_samples
disabled-by-default-v8.compile
disabled-by-default-v8.cpu_profiler
disabled-by-default-v8.gc
disabled-by-default-v8.gc_stats
disabled-by-default-v8.ic_stats
disabled-by-default-v8.inspector
disabled-by-default-v8.inspector,disabled-by-default-v8.stack_trace
disabled-by-default-v8.runtime
disabled-by-default-v8.runtime_stats
disabled-by-default-v8.runtime_stats_sampling
disabled-by-default-v8.stack_trace
disabled-by-default-v8.turbofan
disabled-by-default-v8.wasm.detailed
disabled-by-default-v8.wasm.turbofan
disabled-by-default-video_and_image_capture
disabled-by-default-viz.debug.overlay_planes
disabled-by-default-viz.gpu_composite_time
disabled-by-default-viz.hit_testing_flow
disabled-by-default-viz.overdraw
disabled-by-default-viz.quads
disabled-by-default-viz.surface_id_flow
disabled-by-default-viz.surface_lifetime
disabled-by-default-viz.triangles
disabled-by-default-viz.visual_debugger
disabled-by-default-webaudio.audionode
disabled-by-default-webgpu
disabled-by-default-webnn
disabled-by-default-webrtc
disabled-by-default-worker.scheduler
disabled-by-default-xr.debug
discarded quarantine size: 
disconnectCsrss
disk_cache
dowTest.MinimizeWindowTest.MinimdowTest.MaximizeWindowTest.Maximt.TitlebarHeightWindowTest.Title/window
dowTest.PositionWindowTest.PositwTest.FullscreenWindowTest.FullsWindowTest.Restore
download
downloadThroughput
download_service
draggable
draggable.html
drm,hwoverlays
drmcursor
dummy_histogram
dwrite
dwrite,fonts
e%s%d
e+000
eF>t
eLK(w
enable-background-thread-pool
enable-chrome-policy
enable-chrome-runtime
enable-gpu
enabled
ends
error
evdev
event
exact
expected_browser_runtime_style == browser_view->GetRuntimeStyle()
expected_window_runtime_style == window->GetRuntimeStyle()
explore_sites
extensions
external-begin-frame-enabled
external-message-pump
fD>b
fWi?
fabs
failed to save.
failure
fakeDenied
fakeSuccess
false
file_system_provider
filter-chrome-commands
filter-url
first
fledge
floor
fmod
focus
focus_id
focused_tree_id
fonts
fonts,ui
frexp
fullscreen
g_handle_closer_info
g_interceptions
g_nt
g_originals
g_shared_delayed_integrity_level
g_shared_delayed_mitigations
g_shared_startup_mitigations
generic
genericContainerprogressIndicator
get_source.html
get_text.html
glBegin
glBindTexture
glBlendFunc
glClear
glClearColor
glColor3f
glColor4f
glDeleteTextures
glDisable
glDrawArrays
glEnable
glEnd
glGenTextures
glHint
glInterleavedArrays
glLineWidth
glLoadIdentity
glMatrixMode
glOrtho
glPixelStorei
glPopAttrib
glPopMatrix
glPushAttrib
glPushMatrix
glRotatef
glTexEnvf
glTexImage2D
glTexParameteri
glTexSubImage2D
glVertex2f
glVertex2i
glViewport
gpu,benchmark
gpu,benchmark,android_webview
gpu,benchmark,webview
gpu,login
gpu,startup
gpu,toplevel.flow
gpu.angle
gpu.angle,startup
gpu.angle.texture_metrics
gpu.capture
graphics.pipeline
guest
h0'D
h>1my
handler.html
handlesToClose
hang.html
has_tree_data
header
headless
height
hide-chrome-bubbles
hide-controls
hide-frame
hide-overlays
hide-pip-frame
hide-top-menu
history
host unreachable
http://
https://
https://tests/
https://www.google.com
https://www.magpClientRenderer.FocusedNodeChanged
hwoverlays
i]Wb
icon
identifier removed
identity
image/*
inc,inc2
inc2,inc
include_defaults
initial-show-state
inity
input
input,benchmark
input,benchmark,devtools.timeline
input,benchmark,devtools.timeline,latencyInfo
input,benchmark,latencyInfo
input,input.scrolling
input,latency
input,rail
input,views
input.scrolling
interactions
interactions,startup
ios_base::clear
iostream
ip_address
ipc,security
ipc,toplevel
ipc_performance.html
jigsaw.w3.org
jobLevel
jpeg
k=yI
kernel32.dll
lang
latency
latencyInfo
ldexp
length_error was thrown in -fno-exceptions mode with message "%s"
leveldb
libcef.dll
loading
loading,interactions
loading,rail
loading,rail,devtools.timeline
locale not supported
localhost
localstorage.html
location
lockdownLevel
log10
logTest.FileSaveDialogTest.FileSt.FileOpenFolderDialogTest.FileOFileOpenMultiplepenImage
login
login,screenlock_monitor
logo.png
lowboxSid
lstrlenA
m?H7
mG4>
mSx@
m\nXo
main
maximized
media
media,gpu
media,rail
media_router
media_router.html
memcpy
memory
menu_icon
menu_icon.1x.png
menu_icon.2x.png
message
message size
midi
minimized
model_name
modf
mojom
money_get error
mouse-cursor-change-disabled
multi-threaded-message-loop
mutex lock failed
n03>Pu
n]?iJ
name
nan(ind)
nan(snan)
native
navigation
navigation,benchmark,rail
navigation,rail
navigation.debug
netlog
network down
network reset
network unreachable
network.scheduler
new_location
no buffer space
no link
no message
no message available
no protocol option
no stream resources
no-activate
no-proxy-server
node_id_to_clear
nodes
non-material
normal
not a socket
not a stream
not connected
not supported
ntdll.dll
null
o.hs
o?GS
oI>O7
obwQ4
off-screen-frame-rate
off-screen-rendering-enabled
offline
offline_pages
offset_container_id
ole32.dll
omnibox
onFailure
onRouteMessageReceived
onRouteStateChanged
onRoutes
onSinks
onSuccess
oobe
openscreen
operation canceled
operation in progress
operation not supported
operation would block
operator
operator "" 
operator co_await
operator<=>
osr_test.html
other_tests
other_tests.html
out_of_range was thrown in -fno-exceptions mode with message "%s"
output.pdf
owM&
owner dead
ozone
p[%d] == %p
p[%d] == %x
page-serialization
paint_preview
parent_tree_id
partition_alloc
passwords
payload
pdf.html
pdf.pdf
pepper
performance.html
performance2.html
persistent
platformMitigations
policyRules
port
power
ppapi
ppapi_proxy
preferences
preferences.html
preferences_state
prefix
print
processId
protocol error
protocol not supported
proxy-auto-detect
proxy-pac-url
proxy-server
proxy_configured
ps_4_0
qS>g?h3
quarantine size: 
r\n0\tP
r\n0\tp
r\tVr.>T
raf_investigation
rail
refcount
renderer
renderer,benchmark,rail
renderer,webkit
renderer.scheduler
renderer_host
renderer_host,disabled-by-default-viz.surface_id_flow
renderer_host,navigation
request
request-context-per-browser
request-context-shared-cache
request.html
resources
response_filter.html
restrict(
result
role
root_id
route_id
routes_list
running
safe_browsing
saved successfully.
scan
scheduler
scheduler,devtools.timeline,loading
scheduler.long_tasks
screenlock_monitor
scrollX
scrollY
second
segmentation_platform
sequence_manager
server
server.html
service_manager
settings_.begin_frame_rate > 0
shared-texture-enabled
sharing
shell
show-chrome-toolbar
show-update-rect
show-window-buttons
shutdown
shutdown,viz
sinh
sink_id
sinks_list
size
skia
slotsize
snan)
source_urn
spellcheck_disabled
sqrt
ssl-client-certificate
stadia_media
stadia_rtc
startup
startup,benchmark,rail
startup,rail
state
state not recoverable
status
stof
stopped
stream timeout
strlen
struct VS_INPUT\n{\n\tfloat4 pos : POSITION;\n\tfloat2 tex : TEXCOORD0;\n};\n\nstruct VS_OUTPUT\n{\n\tfloat4 pos : SV_POSITION;\n\tfloat2 tex : TEXCOORD0;\n};\n\nVS_OUTPUT main(VS_INPUT input)\n{\n\tVS_OUTPUT output;\n\toutput.pos = input.pos;\n\toutput.tex = input.tex;\n\treturn output;\n}
success
sync
system
system_apps
tanh
terminate_handler unexpectedly returned\n
terminate_handler unexpectedly threw an exception\n
test string
testId
testSendProcessMessageResult(
testSendSMRProcessMessage
test_gpu
testkey_large1
testkey_large2
testkey_medium1
testkey_medium2
testkey_small1
testkey_small2
tests
text file busy
text/html
thread constructor failed
thread::detach failed
thread_time
timeGetTime
timed out
too many symbolic link levels
top-chrome-md
toplevel
toplevel,Java
toplevel,viz
toplevel.flow
touch-events
trace.txt
tracing_already_shutdown
tracing_categories_exhausted._must_increase_kMaxCategories
transparency.html
transparent-painting-enabled
tree_data
true
type
ui,input
ui,latency
ui,toplevel
unknown
unknown error %d
unspecified generic_category error
unspecified iostream_category error
unspecified system_category error
unsupported locale for standard input
updates
uploadThroughput
urlrequest.html
use-alloy-style
use-bottom-controls
use-chrome-style-window
use-default-popup
use-native
use-views
use-window-modal-dialog
use_alloy_style_ ? CEF_RUNTIME_STYLE_ALLOY : CEF_RUNTIME_STYLE_CHROME == browser->GetHost()->GetRuntimeStyle()
uzKs@>
v2!L.2
v8,devtools.timeline
v8,devtools.timeline,disabled-by-default-v8.compile
v8,disabled-by-default-v8.compile
v8.execute
v8.wasm
vRQ>
value
value too large
value1_large_browser
value1_large_renderer
value1_medium_browser
value1_medium_renderer
value1_small_browser
value1_small_renderer
value2_large_browser
value2_large_renderer
value2_medium_browser
value2_medium_renderer
value2_small_browser
value2_small_renderer
values cannot be represented in JSON
vector
verifier.dll
views
views.frame
viz,benchmark
viz,benchmark,graphics.pipeline
vs_4_0
wakeup.flow
wakeup.flow,toplevel.flow
wayland
wcslen
webaudio
webengine.fidl
weblayer
webnn
webrtc
webrtc_stats
websocket.html
wglCreateContext
wglDeleteContext
wglMakeCurrent
width
window.cefQuery({'request': '
window.html
window.open('https://www.google.com');
window_icon
window_icon.1x.png
window_icon.2x.png
wn>Jj
wrong protocol type
xT?V
xmlhttprequest.html
z^KD
zeroAppShim
~WaitableEvent while Signaled
